Using pre-set license
Built from '2020.3/staging' branch; Version is '2020.3.30f1 (1fb1bf06830e) revision 2077119'; Using compiler version '192528614'; Build Type 'Release'
OS: 'Windows 10  (10.0.19044) 64bit Core' Language: 'fr' Physical Memory: 32694 MB
BatchMode: 1, IsHumanControllingUs: 0, StartBugReporterOnCrash: 0, Is64bit: 1, IsPro: 0

COMMAND LINE ARGUMENTS:
C:\Program Files\Unity\Hub\Editor\2020.3.30f1\Editor\Unity.exe
-adb2
-batchMode
-noUpm
-name
AssetImportWorker0
-projectPath
D:/Eli/Unity/StardewValleyClone/StardewValleyClone
-logFile
Logs/AssetImportWorker0.log
-srvPort
52376
Successfully changed project path to: D:/Eli/Unity/StardewValleyClone/StardewValleyClone
D:/Eli/Unity/StardewValleyClone/StardewValleyClone
Using Asset Import Pipeline V2.
Refreshing native plugins compatible for Editor in 59.15 ms, found 3 plugins.
Preloading 0 native plugins for Editor in 0.00 ms.
Initialize engine version: 2020.3.30f1 (1fb1bf06830e)
[Subsystems] Discovering subsystems at path C:/Program Files/Unity/Hub/Editor/2020.3.30f1/Editor/Data/Resources/UnitySubsystems
[Subsystems] Discovering subsystems at path D:/Eli/Unity/StardewValleyClone/StardewValleyClone/Assets
GfxDevice: creating device client; threaded=0
Direct3D:
    Version:  Direct3D 11.0 [level 11.1]
    Renderer: NVIDIA GeForce GTX 960 (ID=0x1401)
    Vendor:   
    VRAM:     4053 MB
    Driver:   30.0.15.1123
Initialize mono
Mono path[0] = 'C:/Program Files/Unity/Hub/Editor/2020.3.30f1/Editor/Data/Managed'
Mono path[1] = 'C:/Program Files/Unity/Hub/Editor/2020.3.30f1/Editor/Data/MonoBleedingEdge/lib/mono/unityjit'
Mono config path = 'C:/Program Files/Unity/Hub/Editor/2020.3.30f1/Editor/Data/MonoBleedingEdge/etc'
Using monoOptions --debugger-agent=transport=dt_socket,embedding=1,server=y,suspend=n,address=127.0.0.1:56160
Begin MonoManager ReloadAssembly
Registering precompiled unity dll's ...
Register platform support module: C:/Program Files/Unity/Hub/Editor/2020.3.30f1/Editor/Data/PlaybackEngines/WebGLSupport/UnityEditor.WebGL.Extensions.dll
Register platform support module: C:/Program Files/Unity/Hub/Editor/2020.3.30f1/Editor/Data/PlaybackEngines/WindowsStandaloneSupport/UnityEditor.WindowsStandalone.Extensions.dll
Registered in 0.003340 seconds.
Native extension for WindowsStandalone target not found
Native extension for WebGL target not found
Refreshing native plugins compatible for Editor in 64.49 ms, found 3 plugins.
Preloading 0 native plugins for Editor in 0.00 ms.
Mono: successfully reloaded assembly
- Completed reload, in  0.743 seconds
Domain Reload Profiling:
	ReloadAssembly (743ms)
		BeginReloadAssembly (78ms)
			ExecutionOrderSort (0ms)
			DisableScriptedObjects (0ms)
			BackupInstance (0ms)
			ReleaseScriptingObjects (0ms)
			CreateAndSetChildDomain (1ms)
		EndReloadAssembly (579ms)
			LoadAssemblies (75ms)
			RebuildTransferFunctionScriptingTraits (0ms)
			SetupTypeCache (172ms)
			ReleaseScriptCaches (0ms)
			RebuildScriptCaches (38ms)
			SetupLoadedEditorAssemblies (237ms)
				LogAssemblyErrors (0ms)
				InitializePlatformSupportModulesInManaged (7ms)
				SetLoadedEditorAssemblies (0ms)
				RefreshPlugins (65ms)
				BeforeProcessingInitializeOnLoad (19ms)
				ProcessInitializeOnLoadAttributes (110ms)
				ProcessInitializeOnLoadMethodAttributes (36ms)
				AfterProcessingInitializeOnLoad (0ms)
				EditorAssembliesLoaded (0ms)
			ExecutionOrderSort2 (0ms)
			AwakeInstancesAfterBackupRestoration (0ms)
Platform modules already initialized, skipping
Registering precompiled user dll's ...
Registered in 0.003612 seconds.
Begin MonoManager ReloadAssembly
Native extension for WindowsStandalone target not found
Native extension for WebGL target not found
Refreshing native plugins compatible for Editor in 90.62 ms, found 3 plugins.
Preloading 0 native plugins for Editor in 0.00 ms.
Mono: successfully reloaded assembly
- Completed reload, in  1.590 seconds
Domain Reload Profiling:
	ReloadAssembly (1591ms)
		BeginReloadAssembly (192ms)
			ExecutionOrderSort (0ms)
			DisableScriptedObjects (5ms)
			BackupInstance (0ms)
			ReleaseScriptingObjects (0ms)
			CreateAndSetChildDomain (22ms)
		EndReloadAssembly (1326ms)
			LoadAssemblies (120ms)
			RebuildTransferFunctionScriptingTraits (0ms)
			SetupTypeCache (351ms)
			ReleaseScriptCaches (1ms)
			RebuildScriptCaches (62ms)
			SetupLoadedEditorAssemblies (640ms)
				LogAssemblyErrors (0ms)
				InitializePlatformSupportModulesInManaged (8ms)
				SetLoadedEditorAssemblies (0ms)
				RefreshPlugins (91ms)
				BeforeProcessingInitializeOnLoad (215ms)
				ProcessInitializeOnLoadAttributes (283ms)
				ProcessInitializeOnLoadMethodAttributes (31ms)
				AfterProcessingInitializeOnLoad (12ms)
				EditorAssembliesLoaded (0ms)
			ExecutionOrderSort2 (0ms)
			AwakeInstancesAfterBackupRestoration (12ms)
Platform modules already initialized, skipping
========================================================================
Worker process is ready to serve import requests
Launched and connected shader compiler UnityShaderCompiler.exe after 0.05 seconds
Refreshing native plugins compatible for Editor in 0.57 ms, found 3 plugins.
Preloading 0 native plugins for Editor in 0.00 ms.
Unloading 2345 Unused Serialized files (Serialized files now loaded: 0)
System memory in use before: 101.3 MB.
System memory in use after: 101.3 MB.

Unloading 32 unused Assets to reduce memory usage. Loaded Objects now: 2775.
Total: 3.769700 ms (FindLiveObjects: 0.201300 ms CreateObjectMapping: 0.232000 ms MarkObjects: 3.175100 ms  DeleteObjects: 0.160300 ms)

AssetImportParameters requested are different than current active one (requested -> active):
  custom:framework-win-MediaFoundation: 216162199b28c13a410421893ffa2e32 -> 
  custom:video-decoder-ogg-theora: a1e56fd34408186e4bbccfd4996cb3dc -> 
  custom:container-muxer-webm: aa71ff27fc2769a1b78a27578f13a17b -> 
  custom:container-demuxer-webm: 4f35f7cbe854078d1ac9338744f61a02 -> 
  custom:container-demuxer-ogg: 62fdf1f143b41e24485cea50d1cbac27 -> 
  custom:video-encoder-webm-vp8: eb34c28f22e8b96e1ab97ce403110664 -> 
  custom:video-decoder-webm-vp8: 9c59270c3fd7afecdb556c50c9e8de78 -> 
  custom:audio-decoder-ogg-vorbis: bf7c407c2cedff20999df2af8eb42d56 -> 
  custom:audio-encoder-webm-vorbis: bf7c407c2cedff20999df2af8eb42d56 -> 
========================================================================
Received Import Request.
  path: Assets/Scenes/PersistentScene.unity
  artifactKey: Guid(bec4519584dcace4e8a89cb6ea81ecf5) Importer(815301076,1909f56bfc062723c751e8b465ee728b)
Start importing Assets/Scenes/PersistentScene.unity using Guid(bec4519584dcace4e8a89cb6ea81ecf5) Importer(815301076,1909f56bfc062723c751e8b465ee728b)  -> (artifact id: 'd3fea415a60993683aee44275acbe53d') in 0.022906 seconds 
========================================================================
Received Import Request.
  Time since last request: 407.331966 seconds.
  path: Assets/Sprites/Sprite Textures/Objects/Acorn.png
  artifactKey: Guid(730e572c78cf0244ca0db36bb8f3af7f) Importer(815301076,1909f56bfc062723c751e8b465ee728b)
Start importing Assets/Sprites/Sprite Textures/Objects/Acorn.png using Guid(730e572c78cf0244ca0db36bb8f3af7f) Importer(815301076,1909f56bfc062723c751e8b465ee728b)  -> (artifact id: 'd93eab16db93d1b2a8afbfc1d75dde68') in 0.201973 seconds 
========================================================================
Received Prepare
Registering precompiled user dll's ...
Registered in 0.002828 seconds.
Begin MonoManager ReloadAssembly
Native extension for WindowsStandalone target not found
Native extension for WebGL target not found
Refreshing native plugins compatible for Editor in 0.64 ms, found 3 plugins.
Preloading 0 native plugins for Editor in 0.00 ms.
Mono: successfully reloaded assembly
- Completed reload, in  1.339 seconds
Domain Reload Profiling:
	ReloadAssembly (1340ms)
		BeginReloadAssembly (152ms)
			ExecutionOrderSort (0ms)
			DisableScriptedObjects (8ms)
			BackupInstance (0ms)
			ReleaseScriptingObjects (0ms)
			CreateAndSetChildDomain (46ms)
		EndReloadAssembly (1114ms)
			LoadAssemblies (122ms)
			RebuildTransferFunctionScriptingTraits (0ms)
			SetupTypeCache (420ms)
			ReleaseScriptCaches (1ms)
			RebuildScriptCaches (57ms)
			SetupLoadedEditorAssemblies (401ms)
				LogAssemblyErrors (0ms)
				InitializePlatformSupportModulesInManaged (6ms)
				SetLoadedEditorAssemblies (1ms)
				RefreshPlugins (1ms)
				BeforeProcessingInitializeOnLoad (107ms)
				ProcessInitializeOnLoadAttributes (261ms)
				ProcessInitializeOnLoadMethodAttributes (13ms)
				AfterProcessingInitializeOnLoad (11ms)
				EditorAssembliesLoaded (0ms)
			ExecutionOrderSort2 (0ms)
			AwakeInstancesAfterBackupRestoration (12ms)
Platform modules already initialized, skipping
Refreshing native plugins compatible for Editor in 0.57 ms, found 3 plugins.
Preloading 0 native plugins for Editor in 0.00 ms.
Unloading 2338 Unused Serialized files (Serialized files now loaded: 0)
System memory in use before: 104.3 MB.
System memory in use after: 104.4 MB.

Unloading 21 unused Assets to reduce memory usage. Loaded Objects now: 2783.
Total: 3.567700 ms (FindLiveObjects: 0.192900 ms CreateObjectMapping: 0.123900 ms MarkObjects: 3.072900 ms  DeleteObjects: 0.177100 ms)

AssetImportParameters requested are different than current active one (requested -> active):
  custom:framework-win-MediaFoundation: 216162199b28c13a410421893ffa2e32 -> 
  custom:video-decoder-ogg-theora: a1e56fd34408186e4bbccfd4996cb3dc -> 
  custom:container-muxer-webm: aa71ff27fc2769a1b78a27578f13a17b -> 
  custom:container-demuxer-webm: 4f35f7cbe854078d1ac9338744f61a02 -> 
  custom:container-demuxer-ogg: 62fdf1f143b41e24485cea50d1cbac27 -> 
  custom:video-encoder-webm-vp8: eb34c28f22e8b96e1ab97ce403110664 -> 
  custom:video-decoder-webm-vp8: 9c59270c3fd7afecdb556c50c9e8de78 -> 
  custom:audio-decoder-ogg-vorbis: bf7c407c2cedff20999df2af8eb42d56 -> 
  custom:audio-encoder-webm-vorbis: bf7c407c2cedff20999df2af8eb42d56 -> 
========================================================================
Received Import Request.
  Time since last request: 128.117810 seconds.
  path: Assets
  artifactKey: Guid(00000000000000001000000000000000) Importer(815301076,1909f56bfc062723c751e8b465ee728b)
Start importing Assets using Guid(00000000000000001000000000000000) Importer(815301076,1909f56bfc062723c751e8b465ee728b)  -> (artifact id: '42d402b061de3733987d63b9cc3b64de') in 0.013199 seconds 
========================================================================
Received Import Request.
  Time since last request: 5.165505 seconds.
  path: Assets/Prefabs
  artifactKey: Guid(31fcfb76b39938c488a87d3f80e84629) Importer(815301076,1909f56bfc062723c751e8b465ee728b)
Start importing Assets/Prefabs using Guid(31fcfb76b39938c488a87d3f80e84629) Importer(815301076,1909f56bfc062723c751e8b465ee728b)  -> (artifact id: '6166a1a7ac9ad6c13b52beed3e65d6b3') in 0.007990 seconds 
========================================================================
Received Import Request.
  Time since last request: 7.078773 seconds.
  path: Assets/Prefabs/Tree.prefab
  artifactKey: Guid(5540deeb4bc02724db7615ad14ad084d) Importer(815301076,1909f56bfc062723c751e8b465ee728b)
Start importing Assets/Prefabs/Tree.prefab using Guid(5540deeb4bc02724db7615ad14ad084d) Importer(815301076,1909f56bfc062723c751e8b465ee728b)  -> (artifact id: '17a496579fd4a2315e79f25bb8bfd7f0') in 0.104739 seconds 
========================================================================
Received Import Request.
  Time since last request: 79.379818 seconds.
  path: Assets/Sounds/Effects/Footstep
  artifactKey: Guid(dfb3db79b00109847a6617ccda15699a) Importer(815301076,1909f56bfc062723c751e8b465ee728b)
Start importing Assets/Sounds/Effects/Footstep using Guid(dfb3db79b00109847a6617ccda15699a) Importer(815301076,1909f56bfc062723c751e8b465ee728b)  -> (artifact id: 'f0c607598a28f72fb51f7469292fbfdc') in 0.008896 seconds 
========================================================================
Received Import Request.
  Time since last request: 0.028771 seconds.
  path: Assets/Sounds/Effects/Footstep/footstep.wav
  artifactKey: Guid(093845d14eed7654a8dc2b6b0ed14dfb) Importer(815301076,1909f56bfc062723c751e8b465ee728b)
Start importing Assets/Sounds/Effects/Footstep/footstep.wav using Guid(093845d14eed7654a8dc2b6b0ed14dfb) Importer(815301076,1909f56bfc062723c751e8b465ee728b)  -> (artifact id: 'dd2f4ff1558cf1ecb866556dfbe00013') in 0.036027 seconds 
========================================================================
Received Import Request.
  Time since last request: 0.000445 seconds.
  path: Assets/Sounds/Effects/Footstep/rustle.wav
  artifactKey: Guid(a1245e3e236386448a3b1d2caf1730a7) Importer(815301076,1909f56bfc062723c751e8b465ee728b)
Start importing Assets/Sounds/Effects/Footstep/rustle.wav using Guid(a1245e3e236386448a3b1d2caf1730a7) Importer(815301076,1909f56bfc062723c751e8b465ee728b)  -> (artifact id: '8c38f2410f9cee88b99f16f4d068a03c') in 0.022992 seconds 
========================================================================
Received Import Request.
  Time since last request: 13.262104 seconds.
  path: Assets/Sounds/Effects/Pickup
  artifactKey: Guid(2b4e2acc33a2e1e45b45152e4265f952) Importer(815301076,1909f56bfc062723c751e8b465ee728b)
Start importing Assets/Sounds/Effects/Pickup using Guid(2b4e2acc33a2e1e45b45152e4265f952) Importer(815301076,1909f56bfc062723c751e8b465ee728b)  -> (artifact id: '1669e53d2846b08f0f0e9b8ecef2187a') in 0.008455 seconds 
========================================================================
Received Import Request.
  Time since last request: 0.059694 seconds.
  path: Assets/Sounds/Effects/Pickup/Pickup_Pop.wav
  artifactKey: Guid(0632bc5535e45c542a8c788eba7f4c26) Importer(815301076,1909f56bfc062723c751e8b465ee728b)
Start importing Assets/Sounds/Effects/Pickup/Pickup_Pop.wav using Guid(0632bc5535e45c542a8c788eba7f4c26) Importer(815301076,1909f56bfc062723c751e8b465ee728b)  -> (artifact id: '31a68de09e5ba1827d94985270f21290') in 0.011952 seconds 
========================================================================
Received Import Request.
  Time since last request: 5.314629 seconds.
  path: Assets/Sounds/Effects/Tools
  artifactKey: Guid(71504644cf3b19143a7642f617ca2f44) Importer(815301076,1909f56bfc062723c751e8b465ee728b)
Start importing Assets/Sounds/Effects/Tools using Guid(71504644cf3b19143a7642f617ca2f44) Importer(815301076,1909f56bfc062723c751e8b465ee728b)  -> (artifact id: 'be6e824d6bb5b5fde433a719500a7923') in 0.009158 seconds 
========================================================================
Received Import Request.
  Time since last request: 0.043589 seconds.
  path: Assets/Sounds/Effects/Tools/Axe.wav
  artifactKey: Guid(936ee70bd6b31ba40950a23b2c095ab8) Importer(815301076,1909f56bfc062723c751e8b465ee728b)
Start importing Assets/Sounds/Effects/Tools/Axe.wav using Guid(936ee70bd6b31ba40950a23b2c095ab8) Importer(815301076,1909f56bfc062723c751e8b465ee728b)  -> (artifact id: '32cc0602e14cd23a7fb16676bd034480') in 0.011617 seconds 
========================================================================
Received Import Request.
  Time since last request: 0.000489 seconds.
  path: Assets/Sounds/Effects/Tools/wateringcan1.wav
  artifactKey: Guid(6fdec38b34b083e48a8cc78854780c60) Importer(815301076,1909f56bfc062723c751e8b465ee728b)
Start importing Assets/Sounds/Effects/Tools/wateringcan1.wav using Guid(6fdec38b34b083e48a8cc78854780c60) Importer(815301076,1909f56bfc062723c751e8b465ee728b)  -> (artifact id: '4480cee91eadb5c9ddfff7b49bcd3433') in 0.016500 seconds 
========================================================================
Received Import Request.
  Time since last request: 0.000369 seconds.
  path: Assets/Sounds/Effects/Tools/Scythe.wav
  artifactKey: Guid(9e4779bab3c6d7946b7af0eac39ca456) Importer(815301076,1909f56bfc062723c751e8b465ee728b)
Start importing Assets/Sounds/Effects/Tools/Scythe.wav using Guid(9e4779bab3c6d7946b7af0eac39ca456) Importer(815301076,1909f56bfc062723c751e8b465ee728b)  -> (artifact id: '2811bf3e4c66f0f62ee75967f8585314') in 0.017592 seconds 
========================================================================
Received Import Request.
  Time since last request: 0.000502 seconds.
  path: Assets/Sounds/Effects/Tools/wateringcan2.wav
  artifactKey: Guid(b94be4986d11cd4459632754ca6bdc67) Importer(815301076,1909f56bfc062723c751e8b465ee728b)
Start importing Assets/Sounds/Effects/Tools/wateringcan2.wav using Guid(b94be4986d11cd4459632754ca6bdc67) Importer(815301076,1909f56bfc062723c751e8b465ee728b)  -> (artifact id: '2251c8f292633cbe82180252fffc2e30') in 0.016768 seconds 
========================================================================
Received Import Request.
  Time since last request: 0.000376 seconds.
  path: Assets/Sounds/Effects/Tools/basket.wav
  artifactKey: Guid(d454eb6adaec49549ba52c089120a01d) Importer(815301076,1909f56bfc062723c751e8b465ee728b)
Start importing Assets/Sounds/Effects/Tools/basket.wav using Guid(d454eb6adaec49549ba52c089120a01d) Importer(815301076,1909f56bfc062723c751e8b465ee728b)  -> (artifact id: '6e9691fa75dd26dfdfc5be37493d6e2b') in 0.015240 seconds 
========================================================================
Received Import Request.
  Time since last request: 0.000365 seconds.
  path: Assets/Sounds/Effects/Tools/Hoe.wav
  artifactKey: Guid(bde45eab5733e6542a8d483df7fe29f8) Importer(815301076,1909f56bfc062723c751e8b465ee728b)
Start importing Assets/Sounds/Effects/Tools/Hoe.wav using Guid(bde45eab5733e6542a8d483df7fe29f8) Importer(815301076,1909f56bfc062723c751e8b465ee728b)  -> (artifact id: '55d04038955c7f04d236aaa243a1f1f0') in 0.017096 seconds 
========================================================================
Received Import Request.
  Time since last request: 0.000322 seconds.
  path: Assets/Sounds/Effects/Tools/PickAxe.wav
  artifactKey: Guid(b16cd18cafd719948a61e6aea4a21370) Importer(815301076,1909f56bfc062723c751e8b465ee728b)
Start importing Assets/Sounds/Effects/Tools/PickAxe.wav using Guid(b16cd18cafd719948a61e6aea4a21370) Importer(815301076,1909f56bfc062723c751e8b465ee728b)  -> (artifact id: '53ff7a55c3ff7825624d6f504883f6b3') in 0.016514 seconds 
========================================================================
Received Import Request.
  Time since last request: 16424.264833 seconds.
  path: ProjectSettings/TagManager.asset
  artifactKey: Guid(00000000000000003000000000000000) Importer(815301076,1909f56bfc062723c751e8b465ee728b)
Start importing ProjectSettings/TagManager.asset using Guid(00000000000000003000000000000000) Importer(815301076,1909f56bfc062723c751e8b465ee728b)  -> (artifact id: '95df672b4aaba54310d34c83eef51bb8') in 0.013952 seconds 
========================================================================
Received Import Request.
  Time since last request: 240.975322 seconds.
  path: Assets/Sprites/Sprite Textures/NPCs/Butch/Butch.png
  artifactKey: Guid(afba78ae84664a941a55c31758ab5cf9) Importer(815301076,1909f56bfc062723c751e8b465ee728b)
Start importing Assets/Sprites/Sprite Textures/NPCs/Butch/Butch.png using Guid(afba78ae84664a941a55c31758ab5cf9) Importer(815301076,1909f56bfc062723c751e8b465ee728b)  -> (artifact id: '1e9a586fb247d248f5dbc24eba9d2492') in 0.112513 seconds 
========================================================================
Received Import Request.
  Time since last request: 0.185008 seconds.
  path: Assets/Sprites/Sprite Textures/Objects/Chair.png
  artifactKey: Guid(2a61f48c8f2dfed4da6f2f8e2485ee15) Importer(815301076,1909f56bfc062723c751e8b465ee728b)
Start importing Assets/Sprites/Sprite Textures/Objects/Chair.png using Guid(2a61f48c8f2dfed4da6f2f8e2485ee15) Importer(815301076,1909f56bfc062723c751e8b465ee728b)  -> (artifact id: '9cf30e6f29ec33d20f5c0008b390ff6d') in 0.015051 seconds 
========================================================================
Received Import Request.
  Time since last request: 15.005642 seconds.
  path: Assets/Sprites/Sprite Textures/Tile Sprites/DugGround.png
  artifactKey: Guid(b793cccf0b10a2148b7c8e09c08ac094) Importer(815301076,1909f56bfc062723c751e8b465ee728b)
Start importing Assets/Sprites/Sprite Textures/Tile Sprites/DugGround.png using Guid(b793cccf0b10a2148b7c8e09c08ac094) Importer(815301076,1909f56bfc062723c751e8b465ee728b)  -> (artifact id: '87165385f2dc14ac64a506b8fd253e81') in 0.127509 seconds 
========================================================================
Received Import Request.
  Time since last request: 3.926983 seconds.
  path: Assets/Sprites/Sprite Textures/NPCs/Butch/Butch_Portrait.png
  artifactKey: Guid(2d0dfd935517f7049a9ec156af517511) Importer(815301076,1909f56bfc062723c751e8b465ee728b)
Start importing Assets/Sprites/Sprite Textures/NPCs/Butch/Butch_Portrait.png using Guid(2d0dfd935517f7049a9ec156af517511) Importer(815301076,1909f56bfc062723c751e8b465ee728b)  -> (artifact id: '10d50fc3abb1867c406a1edf09ac591a') in 0.025801 seconds 
========================================================================
Received Import Request.
  Time since last request: 0.000383 seconds.
  path: Assets/Sprites/Sprite Textures/NPCs/Cora/Cora_Portrait.png
  artifactKey: Guid(3178799b764c8f14f821ba06edc51375) Importer(815301076,1909f56bfc062723c751e8b465ee728b)
Start importing Assets/Sprites/Sprite Textures/NPCs/Cora/Cora_Portrait.png using Guid(3178799b764c8f14f821ba06edc51375) Importer(815301076,1909f56bfc062723c751e8b465ee728b)  -> (artifact id: '508119574fb2ff648fd5fa5bb0a8a69c') in 0.027160 seconds 
========================================================================
Received Import Request.
  Time since last request: 8.598542 seconds.
  path: Assets/Sprites/Sprite Textures/Objects/Cactus1.png
  artifactKey: Guid(37e09848a493a0a4b89a743f73f75963) Importer(815301076,1909f56bfc062723c751e8b465ee728b)
Start importing Assets/Sprites/Sprite Textures/Objects/Cactus1.png using Guid(37e09848a493a0a4b89a743f73f75963) Importer(815301076,1909f56bfc062723c751e8b465ee728b)  -> (artifact id: '48cecf548aca4b4a0353adf595a68c40') in 0.016748 seconds 
========================================================================
Received Import Request.
  Time since last request: 243.018603 seconds.
  path: Assets/Prefabs/Player.prefab
  artifactKey: Guid(480d58a0711bc514aa3152d0141d1f88) Importer(815301076,1909f56bfc062723c751e8b465ee728b)
Start importing Assets/Prefabs/Player.prefab using Guid(480d58a0711bc514aa3152d0141d1f88) Importer(815301076,1909f56bfc062723c751e8b465ee728b)  -> (artifact id: 'e99c41d533a0cb40eafe092e3a697dac') in 0.029354 seconds 
========================================================================
Received Import Request.
  Time since last request: 43.727961 seconds.
  path: Assets/Prefabs/Player.prefab
  artifactKey: Guid(480d58a0711bc514aa3152d0141d1f88) Importer(815301076,1909f56bfc062723c751e8b465ee728b)
Start importing Assets/Prefabs/Player.prefab using Guid(480d58a0711bc514aa3152d0141d1f88) Importer(815301076,1909f56bfc062723c751e8b465ee728b)  -> (artifact id: '071b948c985739f430eefe5ca04a7da7') in 0.017878 seconds 
========================================================================
Received Prepare
Registering precompiled user dll's ...
Registered in 0.003271 seconds.
Begin MonoManager ReloadAssembly
Native extension for WindowsStandalone target not found
Native extension for WebGL target not found
Refreshing native plugins compatible for Editor in 0.53 ms, found 3 plugins.
Preloading 0 native plugins for Editor in 0.00 ms.
Mono: successfully reloaded assembly
- Completed reload, in  1.248 seconds
Domain Reload Profiling:
	ReloadAssembly (1249ms)
		BeginReloadAssembly (153ms)
			ExecutionOrderSort (0ms)
			DisableScriptedObjects (8ms)
			BackupInstance (0ms)
			ReleaseScriptingObjects (0ms)
			CreateAndSetChildDomain (44ms)
		EndReloadAssembly (1019ms)
			LoadAssemblies (127ms)
			RebuildTransferFunctionScriptingTraits (0ms)
			SetupTypeCache (362ms)
			ReleaseScriptCaches (1ms)
			RebuildScriptCaches (54ms)
			SetupLoadedEditorAssemblies (376ms)
				LogAssemblyErrors (0ms)
				InitializePlatformSupportModulesInManaged (7ms)
				SetLoadedEditorAssemblies (1ms)
				RefreshPlugins (1ms)
				BeforeProcessingInitializeOnLoad (100ms)
				ProcessInitializeOnLoadAttributes (242ms)
				ProcessInitializeOnLoadMethodAttributes (16ms)
				AfterProcessingInitializeOnLoad (10ms)
				EditorAssembliesLoaded (0ms)
			ExecutionOrderSort2 (0ms)
			AwakeInstancesAfterBackupRestoration (12ms)
Platform modules already initialized, skipping
Refreshing native plugins compatible for Editor in 0.68 ms, found 3 plugins.
Preloading 0 native plugins for Editor in 0.00 ms.
Unloading 2338 Unused Serialized files (Serialized files now loaded: 0)
System memory in use before: 104.9 MB.
System memory in use after: 104.9 MB.

Unloading 23 unused Assets to reduce memory usage. Loaded Objects now: 2801.
Total: 3.538600 ms (FindLiveObjects: 0.283900 ms CreateObjectMapping: 0.153500 ms MarkObjects: 2.923400 ms  DeleteObjects: 0.177000 ms)

AssetImportParameters requested are different than current active one (requested -> active):
  custom:framework-win-MediaFoundation: 216162199b28c13a410421893ffa2e32 -> 
  custom:video-decoder-ogg-theora: a1e56fd34408186e4bbccfd4996cb3dc -> 
  custom:container-muxer-webm: aa71ff27fc2769a1b78a27578f13a17b -> 
  custom:container-demuxer-webm: 4f35f7cbe854078d1ac9338744f61a02 -> 
  custom:container-demuxer-ogg: 62fdf1f143b41e24485cea50d1cbac27 -> 
  custom:video-encoder-webm-vp8: eb34c28f22e8b96e1ab97ce403110664 -> 
  custom:video-decoder-webm-vp8: 9c59270c3fd7afecdb556c50c9e8de78 -> 
  custom:audio-decoder-ogg-vorbis: bf7c407c2cedff20999df2af8eb42d56 -> 
  custom:audio-encoder-webm-vorbis: bf7c407c2cedff20999df2af8eb42d56 -> 
========================================================================
Received Prepare
Registering precompiled user dll's ...
Registered in 0.004634 seconds.
Begin MonoManager ReloadAssembly
Native extension for WindowsStandalone target not found
Native extension for WebGL target not found
Refreshing native plugins compatible for Editor in 0.59 ms, found 3 plugins.
Preloading 0 native plugins for Editor in 0.00 ms.
Mono: successfully reloaded assembly
- Completed reload, in  2.038 seconds
Domain Reload Profiling:
	ReloadAssembly (2039ms)
		BeginReloadAssembly (247ms)
			ExecutionOrderSort (0ms)
			DisableScriptedObjects (10ms)
			BackupInstance (0ms)
			ReleaseScriptingObjects (0ms)
			CreateAndSetChildDomain (65ms)
		EndReloadAssembly (1660ms)
			LoadAssemblies (272ms)
			RebuildTransferFunctionScriptingTraits (0ms)
			SetupTypeCache (685ms)
			ReleaseScriptCaches (2ms)
			RebuildScriptCaches (81ms)
			SetupLoadedEditorAssemblies (524ms)
				LogAssemblyErrors (0ms)
				InitializePlatformSupportModulesInManaged (7ms)
				SetLoadedEditorAssemblies (1ms)
				RefreshPlugins (1ms)
				BeforeProcessingInitializeOnLoad (154ms)
				ProcessInitializeOnLoadAttributes (332ms)
				ProcessInitializeOnLoadMethodAttributes (16ms)
				AfterProcessingInitializeOnLoad (12ms)
				EditorAssembliesLoaded (0ms)
			ExecutionOrderSort2 (0ms)
			AwakeInstancesAfterBackupRestoration (15ms)
Platform modules already initialized, skipping
Refreshing native plugins compatible for Editor in 0.55 ms, found 3 plugins.
Preloading 0 native plugins for Editor in 0.00 ms.
Unloading 2338 Unused Serialized files (Serialized files now loaded: 0)
System memory in use before: 104.6 MB.
System memory in use after: 104.7 MB.

Unloading 21 unused Assets to reduce memory usage. Loaded Objects now: 2803.
Total: 4.539900 ms (FindLiveObjects: 0.232700 ms CreateObjectMapping: 0.138700 ms MarkObjects: 4.024400 ms  DeleteObjects: 0.142600 ms)

AssetImportParameters requested are different than current active one (requested -> active):
  custom:framework-win-MediaFoundation: 216162199b28c13a410421893ffa2e32 -> 
  custom:video-decoder-ogg-theora: a1e56fd34408186e4bbccfd4996cb3dc -> 
  custom:container-muxer-webm: aa71ff27fc2769a1b78a27578f13a17b -> 
  custom:container-demuxer-webm: 4f35f7cbe854078d1ac9338744f61a02 -> 
  custom:container-demuxer-ogg: 62fdf1f143b41e24485cea50d1cbac27 -> 
  custom:video-encoder-webm-vp8: eb34c28f22e8b96e1ab97ce403110664 -> 
  custom:video-decoder-webm-vp8: 9c59270c3fd7afecdb556c50c9e8de78 -> 
  custom:audio-decoder-ogg-vorbis: bf7c407c2cedff20999df2af8eb42d56 -> 
  custom:audio-encoder-webm-vorbis: bf7c407c2cedff20999df2af8eb42d56 -> 
========================================================================
Received Import Request.
  Time since last request: 724.776281 seconds.
  path: Assets/Prefabs/Player.prefab
  artifactKey: Guid(480d58a0711bc514aa3152d0141d1f88) Importer(815301076,1909f56bfc062723c751e8b465ee728b)
Start importing Assets/Prefabs/Player.prefab using Guid(480d58a0711bc514aa3152d0141d1f88) Importer(815301076,1909f56bfc062723c751e8b465ee728b)  -> (artifact id: '677e6fd1727d6e6d09db65e532872b0c') in 0.076347 seconds 
